mode: set
github.com/ivanj26/untech-async/promise.go:49.121,50.15 1 1
github.com/ivanj26/untech-async/promise.go:50.15,51.35 1 0
github.com/ivanj26/untech-async/promise.go:54.2,60.12 3 1
github.com/ivanj26/untech-async/promise.go:60.12,63.3 2 1
github.com/ivanj26/untech-async/promise.go:65.2,65.10 1 1
github.com/ivanj26/untech-async/promise.go:68.36,70.16 2 1
github.com/ivanj26/untech-async/promise.go:70.16,72.3 1 1
github.com/ivanj26/untech-async/promise.go:74.2,74.25 1 1
github.com/ivanj26/untech-async/promise.go:75.13,76.14 1 0
github.com/ivanj26/untech-async/promise.go:77.10,78.33 1 1
github.com/ivanj26/untech-async/promise.go:84.63,85.87 1 1
github.com/ivanj26/untech-async/promise.go:85.87,87.17 2 1
github.com/ivanj26/untech-async/promise.go:87.17,90.4 2 0
github.com/ivanj26/untech-async/promise.go:92.3,93.17 2 1
github.com/ivanj26/untech-async/promise.go:93.17,96.4 2 1
github.com/ivanj26/untech-async/promise.go:98.3,98.24 1 1
github.com/ivanj26/untech-async/promise.go:104.64,105.87 1 1
github.com/ivanj26/untech-async/promise.go:105.87,107.17 2 1
github.com/ivanj26/untech-async/promise.go:107.17,109.18 2 1
github.com/ivanj26/untech-async/promise.go:109.18,112.5 2 0
github.com/ivanj26/untech-async/promise.go:114.4,115.10 2 1
github.com/ivanj26/untech-async/promise.go:118.3,118.20 1 0
github.com/ivanj26/untech-async/promise.go:124.41,127.9 2 1
github.com/ivanj26/untech-async/promise.go:128.14,129.19 1 1
github.com/ivanj26/untech-async/promise.go:129.19,131.4 1 1
github.com/ivanj26/untech-async/promise.go:133.3,133.33 1 1
github.com/ivanj26/untech-async/promise.go:134.22,137.27 2 1
github.com/ivanj26/untech-async/promise.go:142.31,144.2 1 1
github.com/ivanj26/untech-async/promise.go:147.41,149.2 1 1
github.com/ivanj26/untech-async/promise.go:152.40,154.2 1 1
github.com/ivanj26/untech-async/promise.go:157.39,159.2 1 1
github.com/ivanj26/untech-async/promise.go:162.41,164.2 1 1
github.com/ivanj26/untech-async/promise.go:166.39,167.51 1 1
github.com/ivanj26/untech-async/promise.go:167.51,171.3 3 1
github.com/ivanj26/untech-async/promise.go:174.40,175.51 1 1
github.com/ivanj26/untech-async/promise.go:175.51,179.3 3 1
github.com/ivanj26/untech-async/promise.go:182.40,183.51 1 1
github.com/ivanj26/untech-async/promise.go:183.51,187.3 3 1
github.com/ivanj26/untech-async/util.go:30.76,31.24 1 1
github.com/ivanj26/untech-async/util.go:31.24,32.37 1 0
github.com/ivanj26/untech-async/util.go:35.2,35.85 1 1
github.com/ivanj26/untech-async/util.go:35.85,39.36 3 1
github.com/ivanj26/untech-async/util.go:39.36,40.27 1 1
github.com/ivanj26/untech-async/util.go:40.27,42.19 2 1
github.com/ivanj26/untech-async/util.go:42.19,45.6 2 1
github.com/ivanj26/untech-async/util.go:47.5,47.22 1 1
github.com/ivanj26/untech-async/util.go:51.3,51.10 1 1
github.com/ivanj26/untech-async/util.go:52.21,53.23 1 0
github.com/ivanj26/untech-async/util.go:54.25,55.18 1 1
github.com/ivanj26/untech-async/util.go:56.25,57.17 1 1
github.com/ivanj26/untech-async/util.go:68.112,69.21 1 1
github.com/ivanj26/untech-async/util.go:69.21,71.3 1 1
github.com/ivanj26/untech-async/util.go:73.2,73.87 1 1
github.com/ivanj26/untech-async/util.go:73.87,82.30 2 1
github.com/ivanj26/untech-async/util.go:82.30,85.27 2 1
github.com/ivanj26/untech-async/util.go:85.27,88.32 2 1
github.com/ivanj26/untech-async/util.go:88.32,89.13 1 1
github.com/ivanj26/untech-async/util.go:90.26,90.26 0 1
github.com/ivanj26/untech-async/util.go:91.14,91.14 0 1
github.com/ivanj26/untech-async/util.go:95.5,95.47 1 1
github.com/ivanj26/untech-async/util.go:95.47,98.6 2 1
github.com/ivanj26/untech-async/util.go:99.5,102.19 3 1
github.com/ivanj26/untech-async/util.go:102.19,105.6 2 1
github.com/ivanj26/untech-async/util.go:107.5,109.17 3 1
github.com/ivanj26/untech-async/util.go:113.3,115.10 2 1
github.com/ivanj26/untech-async/util.go:116.21,117.23 1 1
github.com/ivanj26/untech-async/util.go:118.25,119.17 1 1
github.com/ivanj26/untech-async/util.go:120.11,121.21 1 1
github.com/ivanj26/untech-async/util.go:130.77,131.24 1 1
github.com/ivanj26/untech-async/util.go:131.24,132.37 1 1
github.com/ivanj26/untech-async/util.go:135.2,135.87 1 1
github.com/ivanj26/untech-async/util.go:135.87,149.36 3 1
github.com/ivanj26/untech-async/util.go:149.36,151.36 2 1
github.com/ivanj26/untech-async/util.go:151.36,154.19 3 1
github.com/ivanj26/untech-async/util.go:154.19,155.13 1 1
github.com/ivanj26/untech-async/util.go:156.26,156.26 0 1
github.com/ivanj26/untech-async/util.go:157.14,157.14 0 0
github.com/ivanj26/untech-async/util.go:159.6,159.12 1 1
github.com/ivanj26/untech-async/util.go:162.5,164.22 3 1
github.com/ivanj26/untech-async/util.go:168.3,170.10 2 1
github.com/ivanj26/untech-async/util.go:171.21,172.23 1 1
github.com/ivanj26/untech-async/util.go:173.25,174.17 1 1
github.com/ivanj26/untech-async/util.go:175.11,176.21 1 1
github.com/ivanj26/untech-async/util.go:183.98,184.24 1 1
github.com/ivanj26/untech-async/util.go:184.24,185.37 1 1
github.com/ivanj26/untech-async/util.go:188.2,188.102 1 1
github.com/ivanj26/untech-async/util.go:188.102,197.36 3 1
github.com/ivanj26/untech-async/util.go:197.36,198.36 1 1
github.com/ivanj26/untech-async/util.go:198.36,200.19 2 1
github.com/ivanj26/untech-async/util.go:200.19,204.6 3 1
github.com/ivanj26/untech-async/util.go:204.11,206.6 1 1
github.com/ivanj26/untech-async/util.go:210.3,213.7 3 1
github.com/ivanj26/untech-async/util.go:213.7,214.11 1 1
github.com/ivanj26/untech-async/util.go:215.22,217.11 2 1
github.com/ivanj26/untech-async/util.go:218.26,222.39 3 1
github.com/ivanj26/untech-async/util.go:222.39,225.6 2 1
github.com/ivanj26/untech-async/util.go:235.102,236.24 1 1
github.com/ivanj26/untech-async/util.go:236.24,237.37 1 1
github.com/ivanj26/untech-async/util.go:240.2,240.87 1 1
github.com/ivanj26/untech-async/util.go:240.87,249.36 4 1
github.com/ivanj26/untech-async/util.go:249.36,250.36 1 1
github.com/ivanj26/untech-async/util.go:250.36,252.19 2 1
github.com/ivanj26/untech-async/util.go:252.19,253.13 1 1
github.com/ivanj26/untech-async/util.go:254.26,254.26 0 1
github.com/ivanj26/untech-async/util.go:255.14,255.14 0 0
github.com/ivanj26/untech-async/util.go:257.6,257.12 1 1
github.com/ivanj26/untech-async/util.go:260.5,260.44 1 1
github.com/ivanj26/untech-async/util.go:264.3,267.7 3 1
github.com/ivanj26/untech-async/util.go:267.7,268.11 1 1
github.com/ivanj26/untech-async/util.go:269.22,271.11 2 0
github.com/ivanj26/untech-async/util.go:272.26,274.11 2 1
github.com/ivanj26/untech-async/util.go:275.26,279.39 3 1
github.com/ivanj26/untech-async/util.go:279.39,281.32 2 1
github.com/ivanj26/untech-async/util.go:281.32,282.22 1 1
github.com/ivanj26/untech-async/util.go:282.22,284.8 1 1
github.com/ivanj26/untech-async/util.go:286.6,287.12 2 1
github.com/ivanj26/untech-async/util.go:298.88,299.24 1 1
github.com/ivanj26/untech-async/util.go:299.24,300.37 1 0
github.com/ivanj26/untech-async/util.go:303.2,303.87 1 1
github.com/ivanj26/untech-async/util.go:303.87,307.36 3 1
github.com/ivanj26/untech-async/util.go:307.36,308.27 1 1
github.com/ivanj26/untech-async/util.go:308.27,310.19 2 1
github.com/ivanj26/untech-async/util.go:310.19,313.6 2 1
github.com/ivanj26/untech-async/util.go:315.5,315.22 1 1
github.com/ivanj26/untech-async/util.go:319.3,324.7 2 1
github.com/ivanj26/untech-async/util.go:324.7,325.11 1 1
github.com/ivanj26/untech-async/util.go:326.22,328.11 2 0
github.com/ivanj26/untech-async/util.go:329.26,331.29 2 1
github.com/ivanj26/untech-async/util.go:331.29,334.6 2 1
github.com/ivanj26/untech-async/util.go:335.23,340.38 2 1
github.com/ivanj26/untech-async/util.go:340.38,343.6 2 1
github.com/ivanj26/untech-async/util.go:354.129,356.2 1 1
github.com/ivanj26/untech-async/util.go:363.121,365.2 1 1
github.com/ivanj26/untech-async/util.go:367.138,368.24 1 1
github.com/ivanj26/untech-async/util.go:368.24,369.86 1 1
github.com/ivanj26/untech-async/util.go:369.86,371.4 1 1
github.com/ivanj26/untech-async/util.go:374.2,374.85 1 1
github.com/ivanj26/untech-async/util.go:374.85,383.36 4 1
github.com/ivanj26/untech-async/util.go:383.36,384.36 1 1
github.com/ivanj26/untech-async/util.go:384.36,386.19 2 1
github.com/ivanj26/untech-async/util.go:386.19,389.6 2 1
github.com/ivanj26/untech-async/util.go:391.5,391.42 1 1
github.com/ivanj26/untech-async/util.go:395.3,399.7 4 1
github.com/ivanj26/untech-async/util.go:399.7,400.11 1 1
github.com/ivanj26/untech-async/util.go:401.22,403.11 2 0
github.com/ivanj26/untech-async/util.go:404.26,406.11 2 1
github.com/ivanj26/untech-async/util.go:407.26,410.19 2 1
github.com/ivanj26/untech-async/util.go:410.19,413.40 2 1
github.com/ivanj26/untech-async/util.go:413.40,416.7 2 1
github.com/ivanj26/untech-async/util.go:417.11,420.40 2 1
github.com/ivanj26/untech-async/util.go:420.40,421.33 1 1
github.com/ivanj26/untech-async/util.go:421.33,423.8 1 1
github.com/ivanj26/untech-async/util.go:424.7,425.13 2 1
